# JRE version: OpenJDK Runtime Environment (8.0_152-b01) (build 1.8.0_152-release-915-b01)
# Java VM: OpenJDK 64-Bit Server VM (25.152-b01 mixed mode windows-amd64 compressed oops)
Heap:
 PSYoungGen      total 454656K, used 283414K [0x00000000e0000000, 0x0000000100000000, 0x0000000100000000)
  eden space 391168K, 72% used [0x00000000e0000000,0x00000000f14c5848,0x00000000f7e00000)
  from space 63488K, 0% used [0x00000000f7e00000,0x00000000f7e00000,0x00000000fbc00000)
  to   space 69632K, 0% used [0x00000000fbc00000,0x00000000fbc00000,0x0000000100000000)
 ParOldGen       total 345088K, used 149267K [0x00000000a0000000, 0x00000000b5100000, 0x00000000e0000000)
  object space 345088K, 43% used [0x00000000a0000000,0x00000000a91c4d30,0x00000000b5100000)
 Metaspace       used 102280K, capacity 108660K, committed 108800K, reserved 1144832K
  class space    used 12812K, capacity 14228K, committed 14336K, reserved 1048576K
GC Heap History (10 events):
Event: 648.948 GC heap before
{Heap before GC invocations=42 (full 4):
 PSYoungGen      total 417792K, used 381472K [0x00000000e0000000, 0x00000000ff900000, 0x0000000100000000)
  eden space 347136K, 99% used [0x00000000e0000000,0x00000000f525b048,0x00000000f5300000)
  from space 70656K, 49% used [0x00000000f5300000,0x00000000f752d0a8,0x00000000f9800000)
  to   space 70656K, 0% used [0x00000000fb400000,0x00000000fb400000,0x00000000ff900000)
 ParOldGen       total 253952K, used 161530K [0x00000000a0000000, 0x00000000af800000, 0x00000000e0000000)
  object space 253952K, 63% used [0x00000000a0000000,0x00000000a9dbe8f0,0x00000000af800000)
 Metaspace       used 101976K, capacity 108234K, committed 108416K, reserved 1142784K
  class space    used 12794K, capacity 14173K, committed 14208K, reserved 1048576K
Event: 648.957 GC heap after
Heap after GC invocations=42 (full 4):
 PSYoungGen      total 446976K, used 17491K [0x00000000e0000000, 0x00000000ff600000, 0x0000000100000000)
  eden space 379392K, 0% used [0x00000000e0000000,0x00000000e0000000,0x00000000f7280000)
  from space 67584K, 25% used [0x00000000fb400000,0x00000000fc514f48,0x00000000ff600000)
  to   space 67072K, 0% used [0x00000000f7280000,0x00000000f7280000,0x00000000fb400000)
 ParOldGen       total 253952K, used 161538K [0x00000000a0000000, 0x00000000af800000, 0x00000000e0000000)
  object space 253952K, 63% used [0x00000000a0000000,0x00000000a9dc08f0,0x00000000af800000)
 Metaspace       used 101976K, capacity 108234K, committed 108416K, reserved 1142784K
  class space    used 12794K, capacity 14173K, committed 14208K, reserved 1048576K
}
Event: 654.564 GC heap before
{Heap before GC invocations=43 (full 4):
 PSYoungGen      total 446976K, used 396883K [0x00000000e0000000, 0x00000000ff600000, 0x0000000100000000)
  eden space 379392K, 100% used [0x00000000e0000000,0x00000000f7280000,0x00000000f7280000)
  from space 67584K, 25% used [0x00000000fb400000,0x00000000fc514f48,0x00000000ff600000)
  to   space 67072K, 0% used [0x00000000f7280000,0x00000000f7280000,0x00000000fb400000)
 ParOldGen       total 253952K, used 161538K [0x00000000a0000000, 0x00000000af800000, 0x00000000e0000000)
  object space 253952K, 63% used [0x00000000a0000000,0x00000000a9dc08f0,0x00000000af800000)
 Metaspace       used 102080K, capacity 108502K, committed 108800K, reserved 1144832K
  class space    used 12806K, capacity 14215K, committed 14336K, reserved 1048576K
Event: 654.573 GC heap after
Heap after GC invocations=43 (full 4):
 PSYoungGen      total 446464K, used 9040K [0x00000000e0000000, 0x00000000ffb80000, 0x0000000100000000)
  eden space 379392K, 0% used [0x00000000e0000000,0x00000000e0000000,0x00000000f7280000)
  from space 67072K, 13% used [0x00000000f7280000,0x00000000f7b54080,0x00000000fb400000)
  to   space 65024K, 0% used [0x00000000fbc00000,0x00000000fbc00000,0x00000000ffb80000)
 ParOldGen       total 253952K, used 161538K [0x00000000a0000000, 0x00000000af800000, 0x00000000e0000000)
  object space 253952K, 63% used [0x00000000a0000000,0x00000000a9dc08f0,0x00000000af800000)
 Metaspace       used 102080K, capacity 108502K, committed 108800K, reserved 1144832K
  class space    used 12806K, capacity 14215K, committed 14336K, reserved 1048576K
}
Event: 657.274 GC heap before
{Heap before GC invocations=44 (full 4):
 PSYoungGen      total 446464K, used 388432K [0x00000000e0000000, 0x00000000ffb80000, 0x0000000100000000)
  eden space 379392K, 100% used [0x00000000e0000000,0x00000000f7280000,0x00000000f7280000)
  from space 67072K, 13% used [0x00000000f7280000,0x00000000f7b54080,0x00000000fb400000)
  to   space 65024K, 0% used [0x00000000fbc00000,0x00000000fbc00000,0x00000000ffb80000)
 ParOldGen       total 253952K, used 161538K [0x00000000a0000000, 0x00000000af800000, 0x00000000e0000000)
  object space 253952K, 63% used [0x00000000a0000000,0x00000000a9dc08f0,0x00000000af800000)
 Metaspace       used 102237K, capacity 108678K, committed 108800K, reserved 1144832K
  class space    used 12815K, capacity 14233K, committed 14336K, reserved 1048576K
Event: 657.292 GC heap after
Heap after GC invocations=44 (full 4):
 PSYoungGen      total 455680K, used 28734K [0x00000000e0000000, 0x00000000ffb00000, 0x0000000100000000)
  eden space 391168K, 0% used [0x00000000e0000000,0x00000000e0000000,0x00000000f7e00000)
  from space 64512K, 44% used [0x00000000fbc00000,0x00000000fd80f820,0x00000000ffb00000)
  to   space 63488K, 0% used [0x00000000f7e00000,0x00000000f7e00000,0x00000000fbc00000)
 ParOldGen       total 253952K, used 161546K [0x00000000a0000000, 0x00000000af800000, 0x00000000e0000000)
  object space 253952K, 63% used [0x00000000a0000000,0x00000000a9dc28f0,0x00000000af800000)
 Metaspace       used 102237K, capacity 108678K, committed 108800K, reserved 1144832K
  class space    used 12815K, capacity 14233K, committed 14336K, reserved 1048576K
}
Event: 658.453 GC heap before
{Heap before GC invocations=45 (full 4):
 PSYoungGen      total 455680K, used 419902K [0x00000000e0000000, 0x00000000ffb00000, 0x0000000100000000)
  eden space 391168K, 100% used [0x00000000e0000000,0x00000000f7e00000,0x00000000f7e00000)
  from space 64512K, 44% used [0x00000000fbc00000,0x00000000fd80f820,0x00000000ffb00000)
  to   space 63488K, 0% used [0x00000000f7e00000,0x00000000f7e00000,0x00000000fbc00000)
 ParOldGen       total 253952K, used 161546K [0x00000000a0000000, 0x00000000af800000, 0x00000000e0000000)
  object space 253952K, 63% used [0x00000000a0000000,0x00000000a9dc28f0,0x00000000af800000)
 Metaspace       used 102238K, capacity 108678K, committed 108800K, reserved 1144832K
  class space    used 12815K, capacity 14233K, committed 14336K, reserved 1048576K
Event: 658.492 GC heap after
Heap after GC invocations=45 (full 4):
 PSYoungGen      total 454656K, used 63467K [0x00000000e0000000, 0x0000000100000000, 0x0000000100000000)
  eden space 391168K, 0% used [0x00000000e0000000,0x00000000e0000000,0x00000000f7e00000)
  from space 63488K, 99% used [0x00000000f7e00000,0x00000000fbbfaf90,0x00000000fbc00000)
  to   space 69632K, 0% used [0x00000000fbc00000,0x00000000fbc00000,0x0000000100000000)
 ParOldGen       total 253952K, used 223164K [0x00000000a0000000, 0x00000000af800000, 0x00000000e0000000)
  object space 253952K, 87% used [0x00000000a0000000,0x00000000ad9ef160,0x00000000af800000)
 Metaspace       used 102238K, capacity 108678K, committed 108800K, reserved 1144832K
  class space    used 12815K, capacity 14233K, committed 14336K, reserved 1048576K
}
Event: 658.492 GC heap before
{Heap before GC invocations=46 (full 5):
 PSYoungGen      total 454656K, used 63467K [0x00000000e0000000, 0x0000000100000000, 0x0000000100000000)
  eden space 391168K, 0% used [0x00000000e0000000,0x00000000e0000000,0x00000000f7e00000)
  from space 63488K, 99% used [0x00000000f7e00000,0x00000000fbbfaf90,0x00000000fbc00000)
  to   space 69632K, 0% used [0x00000000fbc00000,0x00000000fbc00000,0x0000000100000000)
 ParOldGen       total 253952K, used 223164K [0x00000000a0000000, 0x00000000af800000, 0x00000000e0000000)
  object space 253952K, 87% used [0x00000000a0000000,0x00000000ad9ef160,0x00000000af800000)
 Metaspace       used 102238K, capacity 108678K, committed 108800K, reserved 1144832K
  class space    used 12815K, capacity 14233K, committed 14336K, reserved 1048576K
Event: 658.825 GC heap after
Heap after GC invocations=46 (full 5):
 PSYoungGen      total 454656K, used 0K [0x00000000e0000000, 0x0000000100000000, 0x0000000100000000)
  eden space 391168K, 0% used [0x00000000e0000000,0x00000000e0000000,0x00000000f7e00000)
  from space 63488K, 0% used [0x00000000f7e00000,0x00000000f7e00000,0x00000000fbc00000)
  to   space 69632K, 0% used [0x00000000fbc00000,0x00000000fbc00000,0x0000000100000000)
 ParOldGen       total 345088K, used 149267K [0x00000000a0000000, 0x00000000b5100000, 0x00000000e0000000)
  object space 345088K, 43% used [0x00000000a0000000,0x00000000a91c4d30,0x00000000b5100000)
 Metaspace       used 102229K, capacity 108656K, committed 108800K, reserved 1144832K
  class space    used 12812K, capacity 14228K, committed 14336K, reserved 1048576K
}

