# JRE version: OpenJDK Runtime Environment (8.0_152-b01) (build 1.8.0_152-release-915-b01)
# Java VM: OpenJDK 64-Bit Server VM (25.152-b01 mixed mode windows-amd64 compressed oops)
Heap:
 PSYoungGen      total 293376K, used 81401K [0x00000000e0000000, 0x00000000f3b00000, 0x0000000100000000)
  eden space 267264K, 30% used [0x00000000e0000000,0x00000000e4f7e6b0,0x00000000f0500000)
  from space 26112K, 0% used [0x00000000f1f00000,0x00000000f1f00000,0x00000000f3880000)
  to   space 26624K, 0% used [0x00000000f0500000,0x00000000f0500000,0x00000000f1f00000)
 ParOldGen       total 138752K, used 35596K [0x00000000a0000000, 0x00000000a8780000, 0x00000000e0000000)
  object space 138752K, 25% used [0x00000000a0000000,0x00000000a22c30e0,0x00000000a8780000)
 Metaspace       used 60846K, capacity 63468K, committed 63576K, reserved 1103872K
  class space    used 8124K, capacity 8732K, committed 8832K, reserved 1048576K
GC Heap History (10 events):
Event: 10.789 GC heap before
{Heap before GC invocations=13 (full 2):
 PSYoungGen      total 165376K, used 165344K [0x00000000e0000000, 0x00000000ec280000, 0x0000000100000000)
  eden space 149504K, 100% used [0x00000000e0000000,0x00000000e9200000,0x00000000e9200000)
  from space 15872K, 99% used [0x00000000ea600000,0x00000000eb578230,0x00000000eb580000)
  to   space 20480K, 0% used [0x00000000e9200000,0x00000000e9200000,0x00000000ea600000)
 ParOldGen       total 107008K, used 28267K [0x00000000a0000000, 0x00000000a6880000, 0x00000000e0000000)
  object space 107008K, 26% used [0x00000000a0000000,0x00000000a1b9afa0,0x00000000a6880000)
 Metaspace       used 55784K, capacity 57932K, committed 58072K, reserved 1099776K
  class space    used 7564K, capacity 8086K, committed 8192K, reserved 1048576K
Event: 10.807 GC heap after
Heap after GC invocations=13 (full 2):
 PSYoungGen      total 169984K, used 20186K [0x00000000e0000000, 0x00000000edd80000, 0x0000000100000000)
  eden space 149504K, 0% used [0x00000000e0000000,0x00000000e0000000,0x00000000e9200000)
  from space 20480K, 98% used [0x00000000e9200000,0x00000000ea5b6b48,0x00000000ea600000)
  to   space 23040K, 0% used [0x00000000ec700000,0x00000000ec700000,0x00000000edd80000)
 ParOldGen       total 107008K, used 28275K [0x00000000a0000000, 0x00000000a6880000, 0x00000000e0000000)
  object space 107008K, 26% used [0x00000000a0000000,0x00000000a1b9cfa0,0x00000000a6880000)
 Metaspace       used 55784K, capacity 57932K, committed 58072K, reserved 1099776K
  class space    used 7564K, capacity 8086K, committed 8192K, reserved 1048576K
}
Event: 11.389 GC heap before
{Heap before GC invocations=14 (full 2):
 PSYoungGen      total 169984K, used 169547K [0x00000000e0000000, 0x00000000edd80000, 0x0000000100000000)
  eden space 149504K, 99% used [0x00000000e0000000,0x00000000e91dc208,0x00000000e9200000)
  from space 20480K, 98% used [0x00000000e9200000,0x00000000ea5b6b48,0x00000000ea600000)
  to   space 23040K, 0% used [0x00000000ec700000,0x00000000ec700000,0x00000000edd80000)
 ParOldGen       total 107008K, used 28275K [0x00000000a0000000, 0x00000000a6880000, 0x00000000e0000000)
  object space 107008K, 26% used [0x00000000a0000000,0x00000000a1b9cfa0,0x00000000a6880000)
 Metaspace       used 56196K, capacity 58422K, committed 58584K, reserved 1099776K
  class space    used 7600K, capacity 8131K, committed 8192K, reserved 1048576K
Event: 11.401 GC heap after
Heap after GC invocations=14 (full 2):
 PSYoungGen      total 201728K, used 19850K [0x00000000e0000000, 0x00000000ee680000, 0x0000000100000000)
  eden space 178688K, 0% used [0x00000000e0000000,0x00000000e0000000,0x00000000eae80000)
  from space 23040K, 86% used [0x00000000ec700000,0x00000000eda62b20,0x00000000edd80000)
  to   space 25088K, 0% used [0x00000000eae80000,0x00000000eae80000,0x00000000ec700000)
 ParOldGen       total 107008K, used 28283K [0x00000000a0000000, 0x00000000a6880000, 0x00000000e0000000)
  object space 107008K, 26% used [0x00000000a0000000,0x00000000a1b9efa0,0x00000000a6880000)
 Metaspace       used 56196K, capacity 58422K, committed 58584K, reserved 1099776K
  class space    used 7600K, capacity 8131K, committed 8192K, reserved 1048576K
}
Event: 11.422 GC heap before
{Heap before GC invocations=15 (full 2):
 PSYoungGen      total 201728K, used 198217K [0x00000000e0000000, 0x00000000ee680000, 0x0000000100000000)
  eden space 178688K, 99% used [0x00000000e0000000,0x00000000eae2fc38,0x00000000eae80000)
  from space 23040K, 86% used [0x00000000ec700000,0x00000000eda62b20,0x00000000edd80000)
  to   space 25088K, 0% used [0x00000000eae80000,0x00000000eae80000,0x00000000ec700000)
 ParOldGen       total 107008K, used 28283K [0x00000000a0000000, 0x00000000a6880000, 0x00000000e0000000)
  object space 107008K, 26% used [0x00000000a0000000,0x00000000a1b9efa0,0x00000000a6880000)
 Metaspace       used 56205K, capacity 58422K, committed 58584K, reserved 1099776K
  class space    used 7600K, capacity 8131K, committed 8192K, reserved 1048576K
Event: 11.432 GC heap after
Heap after GC invocations=15 (full 2):
 PSYoungGen      total 203776K, used 18190K [0x00000000e0000000, 0x00000000f3880000, 0x0000000100000000)
  eden space 178688K, 0% used [0x00000000e0000000,0x00000000e0000000,0x00000000eae80000)
  from space 25088K, 72% used [0x00000000eae80000,0x00000000ec043ac0,0x00000000ec700000)
  to   space 26112K, 0% used [0x00000000f1f00000,0x00000000f1f00000,0x00000000f3880000)
 ParOldGen       total 107008K, used 28291K [0x00000000a0000000, 0x00000000a6880000, 0x00000000e0000000)
  object space 107008K, 26% used [0x00000000a0000000,0x00000000a1ba0fa0,0x00000000a6880000)
 Metaspace       used 56205K, capacity 58422K, committed 58584K, reserved 1099776K
  class space    used 7600K, capacity 8131K, committed 8192K, reserved 1048576K
}
Event: 11.510 GC heap before
{Heap before GC invocations=16 (full 2):
 PSYoungGen      total 203776K, used 41632K [0x00000000e0000000, 0x00000000f3880000, 0x0000000100000000)
  eden space 178688K, 13% used [0x00000000e0000000,0x00000000e16e4758,0x00000000eae80000)
  from space 25088K, 72% used [0x00000000eae80000,0x00000000ec043ac0,0x00000000ec700000)
  to   space 26112K, 0% used [0x00000000f1f00000,0x00000000f1f00000,0x00000000f3880000)
 ParOldGen       total 107008K, used 28291K [0x00000000a0000000, 0x00000000a6880000, 0x00000000e0000000)
  object space 107008K, 26% used [0x00000000a0000000,0x00000000a1ba0fa0,0x00000000a6880000)
 Metaspace       used 56582K, capacity 58798K, committed 58968K, reserved 1099776K
  class space    used 7656K, capacity 8207K, committed 8320K, reserved 1048576K
Event: 11.521 GC heap after
Heap after GC invocations=16 (full 2):
 PSYoungGen      total 293376K, used 17828K [0x00000000e0000000, 0x00000000f3b00000, 0x0000000100000000)
  eden space 267264K, 0% used [0x00000000e0000000,0x00000000e0000000,0x00000000f0500000)
  from space 26112K, 68% used [0x00000000f1f00000,0x00000000f3069300,0x00000000f3880000)
  to   space 26624K, 0% used [0x00000000f0500000,0x00000000f0500000,0x00000000f1f00000)
 ParOldGen       total 107008K, used 28299K [0x00000000a0000000, 0x00000000a6880000, 0x00000000e0000000)
  object space 107008K, 26% used [0x00000000a0000000,0x00000000a1ba2fa0,0x00000000a6880000)
 Metaspace       used 56582K, capacity 58798K, committed 58968K, reserved 1099776K
  class space    used 7656K, capacity 8207K, committed 8320K, reserved 1048576K
}
Event: 11.521 GC heap before
{Heap before GC invocations=17 (full 3):
 PSYoungGen      total 293376K, used 17828K [0x00000000e0000000, 0x00000000f3b00000, 0x0000000100000000)
  eden space 267264K, 0% used [0x00000000e0000000,0x00000000e0000000,0x00000000f0500000)
  from space 26112K, 68% used [0x00000000f1f00000,0x00000000f3069300,0x00000000f3880000)
  to   space 26624K, 0% used [0x00000000f0500000,0x00000000f0500000,0x00000000f1f00000)
 ParOldGen       total 107008K, used 28299K [0x00000000a0000000, 0x00000000a6880000, 0x00000000e0000000)
  object space 107008K, 26% used [0x00000000a0000000,0x00000000a1ba2fa0,0x00000000a6880000)
 Metaspace       used 56582K, capacity 58798K, committed 58968K, reserved 1099776K
  class space    used 7656K, capacity 8207K, committed 8320K, reserved 1048576K
Event: 11.717 GC heap after
Heap after GC invocations=17 (full 3):
 PSYoungGen      total 293376K, used 0K [0x00000000e0000000, 0x00000000f3b00000, 0x0000000100000000)
  eden space 267264K, 0% used [0x00000000e0000000,0x00000000e0000000,0x00000000f0500000)
  from space 26112K, 0% used [0x00000000f1f00000,0x00000000f1f00000,0x00000000f3880000)
  to   space 26624K, 0% used [0x00000000f0500000,0x00000000f0500000,0x00000000f1f00000)
 ParOldGen       total 138752K, used 35596K [0x00000000a0000000, 0x00000000a8780000, 0x00000000e0000000)
  object space 138752K, 25% used [0x00000000a0000000,0x00000000a22c30e0,0x00000000a8780000)
 Metaspace       used 56582K, capacity 58798K, committed 58968K, reserved 1099776K
  class space    used 7656K, capacity 8207K, committed 8320K, reserved 1048576K
}

